2022-12-22 09:01:17.618  INFO 16976 --- [restartedMain] c.j.f.FirstSpringBootApplication         : Starting FirstSpringBootApplication using Java 1.8.0_121 on LAPTOP-LELDGQK7 with PID 16976 (D:\pragya\springbootws\firstSpringBoot\target\classes started by mayank in D:\pragya\springbootws\firstSpringBoot)
2022-12-22 09:01:17.619  INFO 16976 --- [restartedMain] c.j.f.FirstSpringBootApplication         : No active profile set, falling back to 1 default profile: "default"
2022-12-22 09:01:17.659  INFO 16976 --- [restartedMain] .e.DevToolsPropertyDefaultsPostProcessor : Devtools property defaults active! Set 'spring.devtools.add-properties' to 'false' to disable
2022-12-22 09:01:17.659  INFO 16976 --- [restartedMain] .e.DevToolsPropertyDefaultsPostProcessor : For additional web related logging consider setting the 'logging.level.web' property to 'DEBUG'
2022-12-22 09:01:18.487  INFO 16976 --- [restartedMain] .s.d.r.c.RepositoryConfigurationDelegate : Bootstrapping Spring Data JPA repositories in DEFAULT mode.
2022-12-22 09:01:18.532  INFO 16976 --- [restartedMain] .s.d.r.c.RepositoryConfigurationDelegate : Finished Spring Data repository scanning in 36 ms. Found 1 JPA repository interfaces.
2022-12-22 09:01:19.070  INFO 16976 --- [restartedMain] o.s.b.w.embedded.tomcat.TomcatWebServer  : Tomcat initialized with port(s): 8080 (http)
2022-12-22 09:01:19.077  INFO 16976 --- [restartedMain] o.apache.catalina.core.StandardService   : Starting service [Tomcat]
2022-12-22 09:01:19.078  INFO 16976 --- [restartedMain] org.apache.catalina.core.StandardEngine  : Starting Servlet engine: [Apache Tomcat/9.0.69]
2022-12-22 09:01:19.141  INFO 16976 --- [restartedMain] o.a.c.c.C.[Tomcat].[localhost].[/]       : Initializing Spring embedded WebApplicationContext
2022-12-22 09:01:19.141  INFO 16976 --- [restartedMain] w.s.c.ServletWebServerApplicationContext : Root WebApplicationContext: initialization completed in 1480 ms
2022-12-22 09:01:19.364  INFO 16976 --- [restartedMain] o.hibernate.jpa.internal.util.LogHelper  : HHH000204: Processing PersistenceUnitInfo [name: default]
2022-12-22 09:01:19.419  INFO 16976 --- [restartedMain] org.hibernate.Version                    : HHH000412: Hibernate ORM core version 5.6.14.Final
2022-12-22 09:01:19.586  INFO 16976 --- [restartedMain] o.hibernate.annotations.common.Version   : HCANN000001: Hibernate Commons Annotations {5.1.2.Final}
2022-12-22 09:01:19.670  INFO 16976 --- [restartedMain] com.zaxxer.hikari.HikariDataSource       : HikariPool-1 - Starting...
2022-12-22 09:01:19.672  WARN 16976 --- [restartedMain] com.zaxxer.hikari.util.DriverDataSource  : Registered driver with driverClassName=com.mysql.jdbc.Driver was not found, trying direct instantiation.
2022-12-22 09:01:19.811  INFO 16976 --- [restartedMain] com.zaxxer.hikari.HikariDataSource       : HikariPool-1 - Start completed.
2022-12-22 09:01:19.820  INFO 16976 --- [restartedMain] org.hibernate.dialect.Dialect            : HHH000400: Using dialect: org.hibernate.dialect.MySQL8Dialect
2022-12-22 09:01:20.380  INFO 16976 --- [restartedMain] o.h.e.t.j.p.i.JtaPlatformInitiator       : HHH000490: Using JtaPlatform implementation: [org.hibernate.engine.transaction.jta.platform.internal.NoJtaPlatform]
2022-12-22 09:01:20.387  INFO 16976 --- [restartedMain] j.LocalContainerEntityManagerFactoryBean : Initialized JPA EntityManagerFactory for persistence unit 'default'
2022-12-22 09:01:20.681  WARN 16976 --- [restartedMain] JpaBaseConfiguration$JpaWebConfiguration : spring.jpa.open-in-view is enabled by default. Therefore, database queries may be performed during view rendering. Explicitly configure spring.jpa.open-in-view to disable this warning
2022-12-22 09:01:21.376  INFO 16976 --- [restartedMain] o.s.b.d.a.OptionalLiveReloadServer       : LiveReload server is running on port 35729
2022-12-22 09:01:21.383  INFO 16976 --- [restartedMain] o.s.b.a.e.web.EndpointLinksResolver      : Exposing 1 endpoint(s) beneath base path '/actuator'
2022-12-22 09:01:21.439  INFO 16976 --- [restartedMain] o.s.b.w.embedded.tomcat.TomcatWebServer  : Tomcat started on port(s): 8080 (http) with context path ''
2022-12-22 09:01:21.455  INFO 16976 --- [restartedMain] c.j.f.FirstSpringBootApplication         : Started FirstSpringBootApplication in 4.145 seconds (JVM running for 4.815)
2022-12-22 09:03:44.521  INFO 16976 --- [http-nio-8080-exec-1] o.a.c.c.C.[Tomcat].[localhost].[/]       : Initializing Spring DispatcherServlet 'dispatcherServlet'
2022-12-22 09:03:44.522  INFO 16976 --- [http-nio-8080-exec-1] o.s.web.servlet.DispatcherServlet        : Initializing Servlet 'dispatcherServlet'
2022-12-22 09:03:44.524  INFO 16976 --- [http-nio-8080-exec-1] o.s.web.servlet.DispatcherServlet        : Completed initialization in 2 ms
2022-12-22 09:03:56.942  INFO 16976 --- [http-nio-8080-exec-8] o.springdoc.api.AbstractOpenApiResource  : Init duration for springdoc-openapi is: 206 ms
2022-12-22 09:04:22.347  WARN 16976 --- [http-nio-8080-exec-9] c.j.f.service.RegisterService            : warn statement
2022-12-22 09:10:04.862  INFO 16976 --- [RMI TCP Connection(8)-127.0.0.1] inMXBeanRegistrar$SpringApplicationAdmin : Application shutdown requested.
2022-12-22 09:10:04.994  INFO 16976 --- [RMI TCP Connection(8)-127.0.0.1] o.apache.catalina.core.StandardService   : Stopping service [Tomcat]
2022-12-22 09:10:04.996  INFO 16976 --- [RMI TCP Connection(8)-127.0.0.1] o.a.c.c.C.[Tomcat].[localhost].[/]       : Destroying Spring FrameworkServlet 'dispatcherServlet'
2022-12-22 09:10:05.005  INFO 16976 --- [RMI TCP Connection(8)-127.0.0.1] j.LocalContainerEntityManagerFactoryBean : Closing JPA EntityManagerFactory for persistence unit 'default'
2022-12-22 09:10:05.008  INFO 16976 --- [RMI TCP Connection(8)-127.0.0.1] com.zaxxer.hikari.HikariDataSource       : HikariPool-1 - Shutdown initiated...
2022-12-22 09:10:05.014  INFO 16976 --- [RMI TCP Connection(8)-127.0.0.1] com.zaxxer.hikari.HikariDataSource       : HikariPool-1 - Shutdown completed.
